<?xml version="1.0" encoding="utf-8"?><testsuites name="pytest tests"><testsuite name="pytest" errors="0" failures="0" skipped="0" tests="36" time="3.975" timestamp="2026-07-07T10:43:29.184107+00:00" hostname="agent-env-2f0b134a-c115-4c23-831f-cd32c188338c"><testcase classname="backend.tests.backend_test" name="test_root" time="0.279" /><testcase classname="backend.tests.backend_test" name="test_register_requires_consent" time="0.046" /><testcase classname="backend.tests.backend_test" name="test_register_missing_consent_field" time="0.046" /><testcase classname="backend.tests.backend_test" name="test_register_userA_owner" time="0.294" /><testcase classname="backend.tests.backend_test" name="test_register_userB_member" time="0.268" /><testcase classname="backend.tests.backend_test" name="test_register_userC_outsider" time="0.270" /><testcase classname="backend.tests.backend_test" name="test_me_with_token" time="0.046" /><testcase classname="backend.tests.backend_test" name="test_create_family_A" time="0.050" /><testcase classname="backend.tests.backend_test" name="test_join_family_returns_pending" time="0.056" /><testcase classname="backend.tests.backend_test" name="test_join_family_bad_invite" time="0.044" /><testcase classname="backend.tests.backend_test" name="test_my_pending_request_returns_request" time="0.048" /><testcase classname="backend.tests.backend_test" name="test_my_pending_request_null_when_none" time="0.045" /><testcase classname="backend.tests.backend_test" name="test_join_requests_owner_lists" time="0.046" /><testcase classname="backend.tests.backend_test" name="test_join_requests_non_owner_forbidden" time="0.090" /><testcase classname="backend.tests.backend_test" name="test_approve_non_owner_forbidden" time="0.047" /><testcase classname="backend.tests.backend_test" name="test_approve_join_request" time="0.174" /><testcase classname="backend.tests.backend_test" name="test_approve_already_decided" time="0.050" /><testcase classname="backend.tests.backend_test" name="test_reject_flow" time="0.179" /><testcase classname="backend.tests.backend_test" name="test_cancel_my_request" time="0.135" /><testcase classname="backend.tests.backend_test" name="test_location_update_A" time="0.048" /><testcase classname="backend.tests.backend_test" name="test_location_update_B" time="0.045" /><testcase classname="backend.tests.backend_test" name="test_family_locations_includes_both" time="0.046" /><testcase classname="backend.tests.backend_test" name="test_sharing_off_B" time="0.046" /><testcase classname="backend.tests.backend_test" name="test_location_update_blocked_when_sharing_off" time="0.044" /><testcase classname="backend.tests.backend_test" name="test_family_locations_excludes_sharing_off" time="0.045" /><testcase classname="backend.tests.backend_test" name="test_history_forbidden_when_target_sharing_off" time="0.051" /><testcase classname="backend.tests.backend_test" name="test_history_self_still_allowed_when_sharing_off" time="0.046" /><testcase classname="backend.tests.backend_test" name="test_sharing_on_B_restores_update" time="0.091" /><testcase classname="backend.tests.backend_test" name="test_remove_member_non_owner_forbidden" time="0.047" /><testcase classname="backend.tests.backend_test" name="test_owner_cannot_remove_self" time="0.044" /><testcase classname="backend.tests.backend_test" name="test_member_can_remove_self_leave" time="0.138" /><testcase classname="backend.tests.backend_test" name="test_owner_removes_member" time="0.282" /><testcase classname="backend.tests.backend_test" name="test_clear_own_location_history" time="0.140" /><testcase classname="backend.tests.backend_test" name="test_delete_account_outsider" time="0.098" /><testcase classname="backend.tests.backend_test" name="test_delete_account_owner_disbands_family" time="0.276" /><testcase classname="backend.tests.backend_test" name="test_ws_rejects_no_token" time="0.160" /></testsuite></testsuites>