<?xml version="1.0" encoding="utf-8"?><testsuites name="pytest tests"><testsuite name="pytest" errors="0" failures="0" skipped="0" tests="35" time="8.807" timestamp="2026-07-07T09:59:10.586790+00:00" hostname="agent-env-2f0b134a-c115-4c23-831f-cd32c188338c"><testcase classname="backend.tests.backend_test" name="test_root" time="0.157" /><testcase classname="backend.tests.backend_test" name="test_register_userA" time="0.289" /><testcase classname="backend.tests.backend_test" name="test_register_userB" time="0.283" /><testcase classname="backend.tests.backend_test" name="test_register_userC_outsider" time="0.270" /><testcase classname="backend.tests.backend_test" name="test_register_duplicate" time="0.044" /><testcase classname="backend.tests.backend_test" name="test_login_wrong_password" time="0.265" /><testcase classname="backend.tests.backend_test" name="test_login_success" time="0.267" /><testcase classname="backend.tests.backend_test" name="test_me_without_token" time="0.048" /><testcase classname="backend.tests.backend_test" name="test_me_with_token" time="0.042" /><testcase classname="backend.tests.backend_test" name="test_create_family_A" time="0.050" /><testcase classname="backend.tests.backend_test" name="test_create_family_twice_fails" time="0.041" /><testcase classname="backend.tests.backend_test" name="test_get_family_A" time="0.083" /><testcase classname="backend.tests.backend_test" name="test_join_family_B" time="0.043" /><testcase classname="backend.tests.backend_test" name="test_join_family_twice" time="0.046" /><testcase classname="backend.tests.backend_test" name="test_family_members_lists_both" time="0.044" /><testcase classname="backend.tests.backend_test" name="test_join_invalid_code" time="0.049" /><testcase classname="backend.tests.backend_test" name="test_location_update_A" time="0.045" /><testcase classname="backend.tests.backend_test" name="test_location_update_B" time="0.088" /><testcase classname="backend.tests.backend_test" name="test_family_locations_aggregated" time="0.043" /><testcase classname="backend.tests.backend_test" name="test_location_history_family_member" time="0.054" /><testcase classname="backend.tests.backend_test" name="test_location_history_non_family_forbidden" time="0.044" /><testcase classname="backend.tests.backend_test" name="test_location_update_without_family" time="0.042" /><testcase classname="backend.tests.backend_test" name="test_create_place" time="0.045" /><testcase classname="backend.tests.backend_test" name="test_list_places" time="0.044" /><testcase classname="backend.tests.backend_test" name="test_geofence_haversine_logic" time="0.127" /><testcase classname="backend.tests.backend_test" name="test_delete_place" time="0.092" /><testcase classname="backend.tests.backend_test" name="test_chat_send_and_list" time="0.103" /><testcase classname="backend.tests.backend_test" name="test_chat_without_family" time="0.044" /><testcase classname="backend.tests.backend_test" name="test_checkin_create_and_list" time="0.087" /><testcase classname="backend.tests.backend_test" name="test_sos_create_active_resolve" time="0.216" /><testcase classname="backend.tests.backend_test" name="test_sos_resolve_not_found" time="0.044" /><testcase classname="backend.tests.backend_test" name="test_ws_rejects_no_token" time="0.177" /><testcase classname="backend.tests.backend_test" name="test_ws_rejects_bad_token" time="0.149" /><testcase classname="backend.tests.backend_test" name="test_ws_hello_and_broadcast" time="5.195" /><testcase classname="backend.tests.backend_test" name="test_outsider_cannot_see_family_chat" time="0.045" /></testsuite></testsuites>